<?xml version="1.0" encoding="UTF-8"?>
<!-- Generated by org.testng.reporters.JUnitXMLReporter -->
<testsuite hostname="DESKTOP-6MMSN4K" ignored="0" name="Test" tests="2" failures="1" timestamp="21 Nov 2021 23:38:16 GMT" time="16.468" errors="0">
  <testcase name="verifyHomepage" time="0.312" classname="testcases.Tc01_navigatetoHomepage"/>
  <testcase name="verifyHomepage" time="3.749" classname="testcases.Tc02_SignIn">
    <failure type="org.openqa.selenium.NoSuchElementException" message="Cannot locate an element using id=jp-adobe-login
For documentation on this error, please visit: https://www.seleniumhq.org/exceptions/no_such_element.html
Build info: version: &amp;apos;3.141.59&amp;apos;, revision: &amp;apos;e82be7d358&amp;apos;, time: &amp;apos;2018-11-14T08:25:48&amp;apos;
System info: host: &amp;apos;DESKTOP-6MMSN4K&amp;apos;, ip: &amp;apos;192.168.0.134&amp;apos;, os.name: &amp;apos;Windows 10&amp;apos;, os.arch: &amp;apos;amd64&amp;apos;, os.version: &amp;apos;10.0&amp;apos;, java.version: &amp;apos;1.8.0_301&amp;apos;
Driver info: driver.version: RemoteWebDriver">
      <![CDATA[org.openqa.selenium.NoSuchElementException: Cannot locate an element using id=jp-adobe-login
For documentation on this error, please visit: https://www.seleniumhq.org/exceptions/no_such_element.html
Build info: version: '3.141.59', revision: 'e82be7d358', time: '2018-11-14T08:25:48'
System info: host: 'DESKTOP-6MMSN4K', ip: '192.168.0.134', os.name: 'Windows 10', os.arch: 'amd64', os.version: '10.0', java.version: '1.8.0_301'
Driver info: driver.version: RemoteWebDriver
at org.openqa.selenium.remote.RemoteWebDriver.findElement(RemoteWebDriver.java:327)
at org.openqa.selenium.remote.RemoteWebDriver.findElementById(RemoteWebDriver.java:372)
at org.openqa.selenium.By$ById.findElement(By.java:188)
at org.openqa.selenium.remote.RemoteWebDriver.findElement(RemoteWebDriver.java:315)
at testcases.Tc02_SignIn.verifyHomepage(Tc02_SignIn.java:49)
... Removed 25 stack frames]]>
    </failure>
  </testcase> <!-- verifyHomepage -->
</testsuite> <!-- Test -->
