<?xml version="1.0" encoding="UTF-8"?>
<testng-results skipped="0" failed="0" ignored="0" total="2" passed="2">
  <reporter-output>
  </reporter-output>
  <suite name="Suite" duration-ms="12557" started-at="2021-11-21T23:47:54Z" finished-at="2021-11-21T23:48:07Z">
    <groups>
    </groups>
    <test name="Test" duration-ms="12557" started-at="2021-11-21T23:47:54Z" finished-at="2021-11-21T23:48:07Z">
      <class name="testcases.Tc02_SignIn">
        <test-method status="PASS" signature="setUp()[pri:0, instance:testcases.Tc02_SignIn@4909b8da]" name="setUp" is-config="true" duration-ms="4683" started-at="2021-11-21T18:48:01Z" finished-at="2021-11-21T18:48:06Z">
          <reporter-output>
          </reporter-output>
        </test-method> <!-- setUp -->
        <test-method status="PASS" signature="verifyHomepage()[pri:0, instance:testcases.Tc02_SignIn@4909b8da]" name="verifyHomepage" duration-ms="251" started-at="2021-11-21T18:48:06Z" finished-at="2021-11-21T18:48:06Z">
          <reporter-output>
          </reporter-output>
        </test-method> <!-- verifyHomepage -->
        <test-method status="PASS" signature="tearDown()[pri:0, instance:testcases.Tc02_SignIn@4909b8da]" name="tearDown" is-config="true" duration-ms="628" started-at="2021-11-21T18:48:06Z" finished-at="2021-11-21T18:48:07Z">
          <reporter-output>
          </reporter-output>
        </test-method> <!-- tearDown -->
      </class> <!-- testcases.Tc02_SignIn -->
      <class name="testcases.Tc01_navigatetoHomepage">
        <test-method status="PASS" signature="setUp()[pri:0, instance:testcases.Tc01_navigatetoHomepage@6615435c]" name="setUp" is-config="true" duration-ms="6043" started-at="2021-11-21T18:47:54Z" finished-at="2021-11-21T18:48:00Z">
          <reporter-output>
          </reporter-output>
        </test-method> <!-- setUp -->
        <test-method status="PASS" signature="verifyHomepage()[pri:0, instance:testcases.Tc01_navigatetoHomepage@6615435c]" name="verifyHomepage" duration-ms="258" started-at="2021-11-21T18:48:00Z" finished-at="2021-11-21T18:48:01Z">
          <reporter-output>
          </reporter-output>
        </test-method> <!-- verifyHomepage -->
        <test-method status="PASS" signature="tearDown()[pri:0, instance:testcases.Tc01_navigatetoHomepage@6615435c]" name="tearDown" is-config="true" duration-ms="669" started-at="2021-11-21T18:48:01Z" finished-at="2021-11-21T18:48:01Z">
          <reporter-output>
          </reporter-output>
        </test-method> <!-- tearDown -->
      </class> <!-- testcases.Tc01_navigatetoHomepage -->
    </test> <!-- Test -->
  </suite> <!-- Suite -->
</testng-results>
